   1                             	r8	=	0xffef0
   2                             	r16	=	0xffee8
   3                             	r24	=	0xffee0
   4                             	r9	=	0xffef1
   5                             	r17	=	0xffee9
   6                             	r25	=	0xffee1
   7                             	r10	=	0xffef2
   8                             	r18	=	0xffeea
   9                             	r26	=	0xffee2
  10                             	r11	=	0xffef3
  11                             	r19	=	0xffeeb
  12                             	r27	=	0xffee3
  13                             	r12	=	0xffef4
  14                             	r20	=	0xffeec
  15                             	r28	=	0xffee4
  16                             	r13	=	0xffef5
  17                             	r21	=	0xffeed
  18                             	r29	=	0xffee5
  19                             	r14	=	0xffef6
  20                             	r22	=	0xffeee
  21                             	r30	=	0xffee6
  22                             	r15	=	0xffef7
  23                             	r23	=	0xffeef
  24                             	r31	=	0xffee7
  25                             	.text
  26                             	.Ltext0:
  27                             		.global	_R_CGC_Create
  29                             	_R_CGC_Create:
  30                             	.LFB0:
  31                             		.file 1 "../src/r_cg_cgc.c"
   1:../src/r_cg_cgc.c **** /**************************************************************************************************
   2:../src/r_cg_cgc.c **** * DISCLAIMER
   3:../src/r_cg_cgc.c **** * This software is supplied by Renesas Electronics Corporation and is only intended for use with Re
   4:../src/r_cg_cgc.c **** * No other uses are authorized. This software is owned by Renesas Electronics Corporation and is pr
   5:../src/r_cg_cgc.c **** * applicable laws, including copyright laws. 
   6:../src/r_cg_cgc.c **** * THIS SOFTWARE IS PROVIDED "AS IS" AND RENESAS MAKES NO WARRANTIESREGARDING THIS SOFTWARE, WHETHER
   7:../src/r_cg_cgc.c **** * OR STATUTORY, INCLUDING BUT NOT LIMITED TO WARRANTIES OF MERCHANTABILITY, FITNESS FOR A PARTICULA
   8:../src/r_cg_cgc.c **** * NON-INFRINGEMENT.  ALL SUCH WARRANTIES ARE EXPRESSLY DISCLAIMED.TO THE MAXIMUM EXTENT PERMITTED N
   9:../src/r_cg_cgc.c **** * LAW, NEITHER RENESAS ELECTRONICS CORPORATION NOR ANY OF ITS AFFILIATED COMPANIES SHALL BE LIABLE 
  10:../src/r_cg_cgc.c **** * INDIRECT, SPECIAL, INCIDENTAL OR CONSEQUENTIAL DAMAGES FOR ANY REASON RELATED TO THIS SOFTWARE, E
  11:../src/r_cg_cgc.c **** * ITS AFFILIATES HAVE BEEN ADVISED OF THE POSSIBILITY OF SUCH DAMAGES.
  12:../src/r_cg_cgc.c **** * Renesas reserves the right, without notice, to make changes to this software and to discontinue t
  13:../src/r_cg_cgc.c **** * of this software. By using this software, you agree to the additional terms and conditions found 
  14:../src/r_cg_cgc.c **** * following link:
  15:../src/r_cg_cgc.c **** * http://www.renesas.com/disclaimer
  16:../src/r_cg_cgc.c **** *
  17:../src/r_cg_cgc.c **** * Copyright (C) 2011, 2016 Renesas Electronics Corporation. All rights reserved.
  18:../src/r_cg_cgc.c **** ***************************************************************************************************
  19:../src/r_cg_cgc.c **** 
  20:../src/r_cg_cgc.c **** /**************************************************************************************************
  21:../src/r_cg_cgc.c **** * File Name    : r_cg_cgc.c
  22:../src/r_cg_cgc.c **** * Version      : CodeGenerator for RL78/G12 V2.03.04.01 [11 Nov 2016]
  23:../src/r_cg_cgc.c **** * Device(s)    : R5F1026A
  24:../src/r_cg_cgc.c **** * Tool-Chain   : GCCRL78
  25:../src/r_cg_cgc.c **** * Description  : This file implements device driver for CGC module.
  26:../src/r_cg_cgc.c **** * Creation Date: 2018/4/10
  27:../src/r_cg_cgc.c **** ***************************************************************************************************
  28:../src/r_cg_cgc.c **** 
  29:../src/r_cg_cgc.c **** /**************************************************************************************************
  30:../src/r_cg_cgc.c **** Includes
  31:../src/r_cg_cgc.c **** ***************************************************************************************************
  32:../src/r_cg_cgc.c **** #include "r_cg_macrodriver.h"
  33:../src/r_cg_cgc.c **** #include "r_cg_cgc.h"
  34:../src/r_cg_cgc.c **** /* Start user code for include. Do not edit comment generated here */
  35:../src/r_cg_cgc.c **** /* End user code. Do not edit comment generated here */
  36:../src/r_cg_cgc.c **** #include "r_cg_userdefine.h"
  37:../src/r_cg_cgc.c **** 
  38:../src/r_cg_cgc.c **** /**************************************************************************************************
  39:../src/r_cg_cgc.c **** Global variables and functions
  40:../src/r_cg_cgc.c **** ***************************************************************************************************
  41:../src/r_cg_cgc.c **** /* Start user code for global. Do not edit comment generated here */
  42:../src/r_cg_cgc.c **** /* End user code. Do not edit comment generated here */
  43:../src/r_cg_cgc.c **** 
  44:../src/r_cg_cgc.c **** /**************************************************************************************************
  45:../src/r_cg_cgc.c **** * Function Name: R_CGC_Create
  46:../src/r_cg_cgc.c **** * Description  : This function initializes the clock generator.
  47:../src/r_cg_cgc.c **** * Arguments    : None
  48:../src/r_cg_cgc.c **** * Return Value : None
  49:../src/r_cg_cgc.c **** ***************************************************************************************************
  50:../src/r_cg_cgc.c **** void R_CGC_Create(void)
  51:../src/r_cg_cgc.c **** {
  32                             		.loc 1 51 0
  52:../src/r_cg_cgc.c ****     /* Set fMX */
  53:../src/r_cg_cgc.c ****     CMC = _00_CGC_HISYS_PORT | _00_CGC_SYSOSC_DEFAULT;
  33                             		.loc 1 53 0
  34 0000 C9 F0 A0 FF             		movw	r8, #-96
  35 0004 AD F0                   		movw	ax, r8
  36 0006 BD F2                   		movw	r10, ax
  37 0008 DA F2                   		movw	bc, r10
  38 000a F1                      		clrb	a
  39 000b 48 00 00                		mov	[bc], a
  54:../src/r_cg_cgc.c ****     MSTOP = 1U;
  40                             		.loc 1 54 0
  41 000e C9 F0 A1 FF             		movw	r8, #-95
  42 0012 AD F0                   		movw	ax, r8
  43 0014 BD F4                   		movw	r12, ax
  44 0016 FA F4                   		movw	hl, r12
  45 0018 8B                      		mov	a, [hl]
  46 0019 9D F2                   		mov	r10, a
  47 001b 6A F2 80                		or	r10, #-128
  48 001e AD F0                   		movw	ax, r8
  49 0020 DA F4                   		movw	bc, r12
  50 0022 8D F2                   		mov	a, r10
  51 0024 48 00 00                		mov	[bc], a
  55:../src/r_cg_cgc.c ****     /* Set fMAIN */
  56:../src/r_cg_cgc.c ****     MCM0 = 0U;
  52                             		.loc 1 56 0
  53 0027 C9 F0 A4 FF             		movw	r8, #-92
  54 002b AD F0                   		movw	ax, r8
  55 002d BD F4                   		movw	r12, ax
  56 002f FA F4                   		movw	hl, r12
  57 0031 8B                      		mov	a, [hl]
  58 0032 9D F2                   		mov	r10, a
  59 0034 5A F2 EF                		and	r10, #-17
  60 0037 AD F0                   		movw	ax, r8
  61 0039 DA F4                   		movw	bc, r12
  62 003b 8D F2                   		mov	a, r10
  63 003d 48 00 00                		mov	[bc], a
  57:../src/r_cg_cgc.c ****     OSMC = _00_CGC_IT_CLK_NO;
  64                             		.loc 1 57 0
  65 0040 C9 F0 F3 00             		movw	r8, #243
  66 0044 AD F0                   		movw	ax, r8
  67 0046 BD F2                   		movw	r10, ax
  68 0048 DA F2                   		movw	bc, r10
  69 004a F1                      		clrb	a
  70 004b 48 00 00                		mov	[bc], a
  58:../src/r_cg_cgc.c ****     /* Set fIH */
  59:../src/r_cg_cgc.c ****     HIOSTOP = 0U;
  71                             		.loc 1 59 0
  72 004e C9 F0 A1 FF             		movw	r8, #-95
  73 0052 AD F0                   		movw	ax, r8
  74 0054 BD F4                   		movw	r12, ax
  75 0056 FA F4                   		movw	hl, r12
  76 0058 8B                      		mov	a, [hl]
  77 0059 9D F2                   		mov	r10, a
  78 005b 5A F2 FE                		and	r10, #-2
  79 005e AD F0                   		movw	ax, r8
  80 0060 DA F4                   		movw	bc, r12
  81 0062 8D F2                   		mov	a, r10
  82 0064 48 00 00                		mov	[bc], a
  60:../src/r_cg_cgc.c **** }
  83                             		.loc 1 60 0
  84 0067 D7                      		ret
  85                             	.LFE0:
 113                             	.Letext0:
 114                             		.file 2 "../src/iodefine.h"
