   1                             	r8	=	0xffef0
   2                             	r16	=	0xffee8
   3                             	r24	=	0xffee0
   4                             	r9	=	0xffef1
   5                             	r17	=	0xffee9
   6                             	r25	=	0xffee1
   7                             	r10	=	0xffef2
   8                             	r18	=	0xffeea
   9                             	r26	=	0xffee2
  10                             	r11	=	0xffef3
  11                             	r19	=	0xffeeb
  12                             	r27	=	0xffee3
  13                             	r12	=	0xffef4
  14                             	r20	=	0xffeec
  15                             	r28	=	0xffee4
  16                             	r13	=	0xffef5
  17                             	r21	=	0xffeed
  18                             	r29	=	0xffee5
  19                             	r14	=	0xffef6
  20                             	r22	=	0xffeee
  21                             	r30	=	0xffee6
  22                             	r15	=	0xffef7
  23                             	r23	=	0xffeef
  24                             	r31	=	0xffee7
  25                             	.text
  26                             	.Ltext0:
  27                             		.global	_R_Systeminit
  29                             	_R_Systeminit:
  30                             	.LFB0:
  31                             		.file 1 "../src/r_hardware_setup.c"
   1:../src/r_hardware_setup.c **** /**************************************************************************************************
   2:../src/r_hardware_setup.c **** * DISCLAIMER
   3:../src/r_hardware_setup.c **** * This software is supplied by Renesas Electronics Corporation and is only intended for use with Re
   4:../src/r_hardware_setup.c **** * No other uses are authorized. This software is owned by Renesas Electronics Corporation and is pr
   5:../src/r_hardware_setup.c **** * applicable laws, including copyright laws. 
   6:../src/r_hardware_setup.c **** * THIS SOFTWARE IS PROVIDED "AS IS" AND RENESAS MAKES NO WARRANTIESREGARDING THIS SOFTWARE, WHETHER
   7:../src/r_hardware_setup.c **** * OR STATUTORY, INCLUDING BUT NOT LIMITED TO WARRANTIES OF MERCHANTABILITY, FITNESS FOR A PARTICULA
   8:../src/r_hardware_setup.c **** * NON-INFRINGEMENT.  ALL SUCH WARRANTIES ARE EXPRESSLY DISCLAIMED.TO THE MAXIMUM EXTENT PERMITTED N
   9:../src/r_hardware_setup.c **** * LAW, NEITHER RENESAS ELECTRONICS CORPORATION NOR ANY OF ITS AFFILIATED COMPANIES SHALL BE LIABLE 
  10:../src/r_hardware_setup.c **** * INDIRECT, SPECIAL, INCIDENTAL OR CONSEQUENTIAL DAMAGES FOR ANY REASON RELATED TO THIS SOFTWARE, E
  11:../src/r_hardware_setup.c **** * ITS AFFILIATES HAVE BEEN ADVISED OF THE POSSIBILITY OF SUCH DAMAGES.
  12:../src/r_hardware_setup.c **** * Renesas reserves the right, without notice, to make changes to this software and to discontinue t
  13:../src/r_hardware_setup.c **** * of this software. By using this software, you agree to the additional terms and conditions found 
  14:../src/r_hardware_setup.c **** * following link:
  15:../src/r_hardware_setup.c **** * http://www.renesas.com/disclaimer
  16:../src/r_hardware_setup.c **** *
  17:../src/r_hardware_setup.c **** * Copyright (C) 2011, 2016 Renesas Electronics Corporation. All rights reserved.
  18:../src/r_hardware_setup.c **** ***************************************************************************************************
  19:../src/r_hardware_setup.c **** 
  20:../src/r_hardware_setup.c **** /**************************************************************************************************
  21:../src/r_hardware_setup.c **** * File Name    : r_hardware_setup.c
  22:../src/r_hardware_setup.c **** * Version      : CodeGenerator for RL78/G12 V2.03.04.01 [11 Nov 2016]
  23:../src/r_hardware_setup.c **** * Device(s)    : R5F1026A
  24:../src/r_hardware_setup.c **** * Tool-Chain   : GCCRL78
  25:../src/r_hardware_setup.c **** * Description  : This file implements system initializing function.
  26:../src/r_hardware_setup.c **** * Creation Date: 2018/4/10
  27:../src/r_hardware_setup.c **** ***************************************************************************************************
  28:../src/r_hardware_setup.c **** 
  29:../src/r_hardware_setup.c **** /**************************************************************************************************
  30:../src/r_hardware_setup.c **** Includes
  31:../src/r_hardware_setup.c **** ***************************************************************************************************
  32:../src/r_hardware_setup.c **** #include "r_cg_macrodriver.h"
  33:../src/r_hardware_setup.c **** #include "r_cg_cgc.h"
  34:../src/r_hardware_setup.c **** #include "r_cg_port.h"
  35:../src/r_hardware_setup.c **** #include "r_cg_serial.h"
  36:../src/r_hardware_setup.c **** #include "r_cg_timer.h"
  37:../src/r_hardware_setup.c **** /* Start user code for include. Do not edit comment generated here */
  38:../src/r_hardware_setup.c **** /* End user code. Do not edit comment generated here */
  39:../src/r_hardware_setup.c **** #include "r_cg_userdefine.h"
  40:../src/r_hardware_setup.c **** 
  41:../src/r_hardware_setup.c **** /**************************************************************************************************
  42:../src/r_hardware_setup.c **** Global variables and functions
  43:../src/r_hardware_setup.c **** ***************************************************************************************************
  44:../src/r_hardware_setup.c **** /* Start user code for global. Do not edit comment generated here */
  45:../src/r_hardware_setup.c **** /* End user code. Do not edit comment generated here */
  46:../src/r_hardware_setup.c **** int HardwareSetup(void);
  47:../src/r_hardware_setup.c **** void R_Systeminit(void);
  48:../src/r_hardware_setup.c **** 
  49:../src/r_hardware_setup.c **** 
  50:../src/r_hardware_setup.c **** /**************************************************************************************************
  51:../src/r_hardware_setup.c **** * Function Name: R_Systeminit
  52:../src/r_hardware_setup.c **** * Description  : This function initializes every macro.
  53:../src/r_hardware_setup.c **** * Arguments    : None
  54:../src/r_hardware_setup.c **** * Return Value : None
  55:../src/r_hardware_setup.c **** ***************************************************************************************************
  56:../src/r_hardware_setup.c **** void R_Systeminit(void)
  57:../src/r_hardware_setup.c **** {
  32                             		.loc 1 57 0
  58:../src/r_hardware_setup.c ****     PIOR = 0x01U;
  33                             		.loc 1 58 0
  34 0000 C9 F0 77 00             		movw	r8, #119
  35 0004 AD F0                   		movw	ax, r8
  36 0006 BD F2                   		movw	r10, ax
  37 0008 DA F2                   		movw	bc, r10
  38 000a E1                      		oneb	a
  39 000b 48 00 00                		mov	[bc], a
  59:../src/r_hardware_setup.c ****     R_CGC_Get_ResetSource();
  40                             		.loc 1 59 0
  41 000e FC 00 00 00             		call	!!%code(_R_CGC_Get_ResetSource)
  60:../src/r_hardware_setup.c ****     R_CGC_Create();
  42                             		.loc 1 60 0
  43 0012 FC 00 00 00             		call	!!%code(_R_CGC_Create)
  61:../src/r_hardware_setup.c ****     R_PORT_Create();
  44                             		.loc 1 61 0
  45 0016 FC 00 00 00             		call	!!%code(_R_PORT_Create)
  62:../src/r_hardware_setup.c ****     R_SAU0_Create();
  46                             		.loc 1 62 0
  47 001a FC 00 00 00             		call	!!%code(_R_SAU0_Create)
  63:../src/r_hardware_setup.c ****     R_TAU0_Create();
  48                             		.loc 1 63 0
  49 001e FC 00 00 00             		call	!!%code(_R_TAU0_Create)
  64:../src/r_hardware_setup.c ****     IAWCTL = 0x00U;
  50                             		.loc 1 64 0
  51 0022 C9 F0 78 00             		movw	r8, #120
  52 0026 AD F0                   		movw	ax, r8
  53 0028 BD F2                   		movw	r10, ax
  54 002a DA F2                   		movw	bc, r10
  55 002c F1                      		clrb	a
  56 002d 48 00 00                		mov	[bc], a
  65:../src/r_hardware_setup.c **** }
  57                             		.loc 1 65 0
  58 0030 D7                      		ret
  59                             	.LFE0:
  61                             		.global	_HardwareSetup
  63                             	_HardwareSetup:
  64                             	.LFB1:
  66:../src/r_hardware_setup.c **** 
  67:../src/r_hardware_setup.c **** /**************************************************************************************************
  68:../src/r_hardware_setup.c **** * Function Name: HardwareSetup
  69:../src/r_hardware_setup.c **** * Description  : This function initializes hardware setting.
  70:../src/r_hardware_setup.c **** * Arguments    : None
  71:../src/r_hardware_setup.c **** * Return Value : None
  72:../src/r_hardware_setup.c **** ***************************************************************************************************
  73:../src/r_hardware_setup.c **** int HardwareSetup(void)
  74:../src/r_hardware_setup.c **** {
  65                             		.loc 1 74 0
  66                             		; start of function
  67                             		; locals: 2 bytes
  68 0031 20 02                   		subw	sp, #2
  69                             	.LCFI0:
  75:../src/r_hardware_setup.c ****     DI();
  70                             		.loc 1 75 0
  71                             	 ; 75 "../src/r_hardware_setup.c" 1
  72 0033 71 7B FA                		di
  73                             	 ; 0 "" 2
  76:../src/r_hardware_setup.c ****     R_Systeminit();
  74                             		.loc 1 76 0
  75 0036 FC 00 00 00             		call	!!%code(_R_Systeminit)
  77:../src/r_hardware_setup.c **** 
  78:../src/r_hardware_setup.c ****     return (1U);
  76                             		.loc 1 78 0
  77 003a E6                      		onew	ax
  78 003b B8 00                   		movw	[sp], ax
  79 003d BD F0                   		movw	r8, ax
  79:../src/r_hardware_setup.c **** }
  80                             		.loc 1 79 0
  81 003f 10 02                   		addw	sp, #2
  82 0041 D7                      		ret
  83                             	.LFE1:
 123                             	.Letext0:
